1505864050375	geckodriver	INFO	geckodriver 0.19.0
1505864050380	geckodriver	INFO	Listening on 127.0.0.1:64632
1505864051838	mozrunner::runner	INFO	Running command: "/Applications/Firefox.app/Contents/MacOS/firefox-bin" "-marionette" "-profile" "/var/folders/kc/nq0cns897wq_xlcn69psvwnr0000gn/T/rust_mozprofile.RNkcnY02CcyS"
1505864056787	addons.xpi	WARN	Error parsing extensions state: [Exception... "Component returned failure code: 0x80520012 (NS_ERROR_FILE_NOT_FOUND) [amIAddonManagerStartup.readStartupData]"  nsresult: "0x80520012 (NS_ERROR_FILE_NOT_FOUND)"  location: "JS frame :: resource://gre/modules/addons/XPIProvider.jsm :: loadExtensionState :: line 1596"  data: no] Stack trace: loadExtensionState()@resource://gre/modules/addons/XPIProvider.jsm:1596 < getInstallState()@resource://gre/modules/addons/XPIProvider.jsm:1631 < checkForChanges()@resource://gre/modules/addons/XPIProvider.jsm:3152 < startup()@resource://gre/modules/addons/XPIProvider.jsm:2246 < callProvider()@resource://gre/modules/AddonManager.jsm:271 < _startProvider()@resource://gre/modules/AddonManager.jsm:741 < startup()@resource://gre/modules/AddonManager.jsm:908 < startup()@resource://gre/modules/AddonManager.jsm:3122 < observe()@jar:file:///Applications/Firefox.app/Contents/Resources/omni.ja!/components/addonManager.js:65
1505864058844	Marionette	INFO	Enabled via --marionette
1505864068392	Marionette	INFO	Listening on port 64649
2017-09-19 19:34:28.529 plugin-container[69099:4584893] *** CFMessagePort: bootstrap_register(): failed 1100 (0x44c) 'Permission denied', port = 0xa23f, name = 'com.apple.tsm.portname'
See /usr/include/servers/bootstrap_defs.h for the error codes.
2017-09-19 19:34:28.532 plugin-container[69099:4584893] *** CFMessagePort: bootstrap_register(): failed 1100 (0x44c) 'Permission denied', port = 0x5507, name = 'com.apple.CFPasteboardClient'
See /usr/include/servers/bootstrap_defs.h for the error codes.
2017-09-19 19:34:28.532 plugin-container[69099:4584893] void __CFPasteboardSetup() : Failed to allocate communication port for com.apple.CFPasteboardClient; this is likely due to sandbox restrictions
JavaScript error: chrome://marionette/content/server.js, line 337: NS_ERROR_SOCKET_ADDRESS_IN_USE: Component returned failure code: 0x804b0036 (NS_ERROR_SOCKET_ADDRESS_IN_USE) [nsIServerSocket.initSpecialConnection]
1505864072302	geckodriver	INFO	geckodriver 0.19.0
1505864072318	geckodriver	INFO	Listening on 127.0.0.1:64759
1505864077404	mozrunner::runner	INFO	Running command: "/Applications/Firefox.app/Contents/MacOS/firefox-bin" "-marionette" "-profile" "/var/folders/kc/nq0cns897wq_xlcn69psvwnr0000gn/T/rust_mozprofile.ECQLZCdlNXmk"
1505864078448	addons.xpi	WARN	Error parsing extensions state: [Exception... "Component returned failure code: 0x80520012 (NS_ERROR_FILE_NOT_FOUND) [amIAddonManagerStartup.readStartupData]"  nsresult: "0x80520012 (NS_ERROR_FILE_NOT_FOUND)"  location: "JS frame :: resource://gre/modules/addons/XPIProvider.jsm :: loadExtensionState :: line 1596"  data: no] Stack trace: loadExtensionState()@resource://gre/modules/addons/XPIProvider.jsm:1596 < getInstallState()@resource://gre/modules/addons/XPIProvider.jsm:1631 < checkForChanges()@resource://gre/modules/addons/XPIProvider.jsm:3152 < startup()@resource://gre/modules/addons/XPIProvider.jsm:2246 < callProvider()@resource://gre/modules/AddonManager.jsm:271 < _startProvider()@resource://gre/modules/AddonManager.jsm:741 < startup()@resource://gre/modules/AddonManager.jsm:908 < startup()@resource://gre/modules/AddonManager.jsm:3122 < observe()@jar:file:///Applications/Firefox.app/Contents/Resources/omni.ja!/components/addonManager.js:65
1505864079290	Marionette	INFO	Enabled via --marionette
2017-09-19 19:34:45.668 plugin-container[69105:4585375] *** CFMessagePort: bootstrap_register(): failed 1100 (0x44c) 'Permission denied', port = 0x5747, name = 'com.apple.tsm.portname'
See /usr/include/servers/bootstrap_defs.h for the error codes.
2017-09-19 19:34:45.670 plugin-container[69105:4585375] *** CFMessagePort: bootstrap_register(): failed 1100 (0x44c) 'Permission denied', port = 0xa60b, name = 'com.apple.CFPasteboardClient'
See /usr/include/servers/bootstrap_defs.h for the error codes.
2017-09-19 19:34:45.670 plugin-container[69105:4585375] void __CFPasteboardSetup() : Failed to allocate communication port for com.apple.CFPasteboardClient; this is likely due to sandbox restrictions
1505864085779	Marionette	INFO	Listening on port 64800
JavaScript error: chrome://marionette/content/server.js, line 337: NS_ERROR_SOCKET_ADDRESS_IN_USE: Component returned failure code: 0x804b0036 (NS_ERROR_SOCKET_ADDRESS_IN_USE) [nsIServerSocket.initSpecialConnection]
1505864085896	Marionette	WARN	TLS certificate errors will be ignored for this session
1505864085983	Marionette	DEBUG	loaded listener.js
1505864086084	Marionette	DEBUG	Received DOM event "beforeunload" for "about:blank"
1505864086794	Marionette	DEBUG	Received DOM event "pagehide" for "about:blank"
1505864086795	Marionette	DEBUG	Received DOM event "unload" for "about:blank"
1505864087486	Marionette	DEBUG	Received DOM event "DOMContentLoaded" for "http://0.0.0.0:8080/"
1505864087491	Marionette	DEBUG	Received DOM event "pageshow" for "http://0.0.0.0:8080/"
1505864090301	Marionette	DEBUG	Canceled page load listener because no navigation has been detected
1505864090802	Marionette	DEBUG	Canceled page load listener because no navigation has been detected
1505864092875	Marionette	INFO	New connections will no longer be accepted
1505864182400	geckodriver	INFO	geckodriver 0.19.0
1505864182423	geckodriver	INFO	Listening on 127.0.0.1:65429
1505864183718	mozrunner::runner	INFO	Running command: "/Applications/Firefox.app/Contents/MacOS/firefox-bin" "-marionette" "-profile" "/var/folders/kc/nq0cns897wq_xlcn69psvwnr0000gn/T/rust_mozprofile.X2B08mFV5JnD"
1505864185267	addons.xpi	WARN	Error parsing extensions state: [Exception... "Component returned failure code: 0x80520012 (NS_ERROR_FILE_NOT_FOUND) [amIAddonManagerStartup.readStartupData]"  nsresult: "0x80520012 (NS_ERROR_FILE_NOT_FOUND)"  location: "JS frame :: resource://gre/modules/addons/XPIProvider.jsm :: loadExtensionState :: line 1596"  data: no] Stack trace: loadExtensionState()@resource://gre/modules/addons/XPIProvider.jsm:1596 < getInstallState()@resource://gre/modules/addons/XPIProvider.jsm:1631 < checkForChanges()@resource://gre/modules/addons/XPIProvider.jsm:3152 < startup()@resource://gre/modules/addons/XPIProvider.jsm:2246 < callProvider()@resource://gre/modules/AddonManager.jsm:271 < _startProvider()@resource://gre/modules/AddonManager.jsm:741 < startup()@resource://gre/modules/AddonManager.jsm:908 < startup()@resource://gre/modules/AddonManager.jsm:3122 < observe()@jar:file:///Applications/Firefox.app/Contents/Resources/omni.ja!/components/addonManager.js:65
1505864186456	Marionette	INFO	Enabled via --marionette
2017-09-19 19:36:33.888 plugin-container[69153:4587821] *** CFMessagePort: bootstrap_register(): failed 1100 (0x44c) 'Permission denied', port = 0x9d3b, name = 'com.apple.tsm.portname'
See /usr/include/servers/bootstrap_defs.h for the error codes.
2017-09-19 19:36:33.890 plugin-container[69153:4587821] *** CFMessagePort: bootstrap_register(): failed 1100 (0x44c) 'Permission denied', port = 0x5107, name = 'com.apple.CFPasteboardClient'
See /usr/include/servers/bootstrap_defs.h for the error codes.
2017-09-19 19:36:33.890 plugin-container[69153:4587821] void __CFPasteboardSetup() : Failed to allocate communication port for com.apple.CFPasteboardClient; this is likely due to sandbox restrictions
1505864193918	Marionette	INFO	Listening on port 65446
JavaScript error: chrome://marionette/content/server.js, line 337: NS_ERROR_SOCKET_ADDRESS_IN_USE: Component returned failure code: 0x804b0036 (NS_ERROR_SOCKET_ADDRESS_IN_USE) [nsIServerSocket.initSpecialConnection]
1505864194101	Marionette	WARN	TLS certificate errors will be ignored for this session
1505864194173	Marionette	DEBUG	loaded listener.js
1505864194287	Marionette	DEBUG	Received DOM event "beforeunload" for "about:blank"
1505864194510	Marionette	DEBUG	Received DOM event "pagehide" for "about:blank"
1505864194511	Marionette	DEBUG	Received DOM event "unload" for "about:blank"
1505864195279	Marionette	DEBUG	Received DOM event "DOMContentLoaded" for "http://0.0.0.0:8080/"
1505864195296	Marionette	DEBUG	Received DOM event "pageshow" for "http://0.0.0.0:8080/"
1505864198241	Marionette	DEBUG	Canceled page load listener because no navigation has been detected
1505864198916	Marionette	DEBUG	Canceled page load listener because no navigation has been detected
1505864203327	Marionette	DEBUG	Canceled page load listener because no navigation has been detected
1505864204466	Marionette	INFO	New connections will no longer be accepted
[GFX1-]: Receive IPC close with reason=AbnormalShutdown
1505864274165	geckodriver	INFO	geckodriver 0.19.0
1505864274170	geckodriver	INFO	Listening on 127.0.0.1:49676
1505864275634	mozrunner::runner	INFO	Running command: "/Applications/Firefox.app/Contents/MacOS/firefox-bin" "-marionette" "-profile" "/var/folders/kc/nq0cns897wq_xlcn69psvwnr0000gn/T/rust_mozprofile.neK6EK3FycCc"
1505864276121	addons.xpi	WARN	Error parsing extensions state: [Exception... "Component returned failure code: 0x80520012 (NS_ERROR_FILE_NOT_FOUND) [amIAddonManagerStartup.readStartupData]"  nsresult: "0x80520012 (NS_ERROR_FILE_NOT_FOUND)"  location: "JS frame :: resource://gre/modules/addons/XPIProvider.jsm :: loadExtensionState :: line 1596"  data: no] Stack trace: loadExtensionState()@resource://gre/modules/addons/XPIProvider.jsm:1596 < getInstallState()@resource://gre/modules/addons/XPIProvider.jsm:1631 < checkForChanges()@resource://gre/modules/addons/XPIProvider.jsm:3152 < startup()@resource://gre/modules/addons/XPIProvider.jsm:2246 < callProvider()@resource://gre/modules/AddonManager.jsm:271 < _startProvider()@resource://gre/modules/AddonManager.jsm:741 < startup()@resource://gre/modules/AddonManager.jsm:908 < startup()@resource://gre/modules/AddonManager.jsm:3122 < observe()@jar:file:///Applications/Firefox.app/Contents/Resources/omni.ja!/components/addonManager.js:65
1505864276500	Marionette	INFO	Enabled via --marionette
1505864278647	Marionette	INFO	Listening on port 49689
JavaScript error: chrome://marionette/content/server.js, line 337: NS_ERROR_SOCKET_ADDRESS_IN_USE: Component returned failure code: 0x804b0036 (NS_ERROR_SOCKET_ADDRESS_IN_USE) [nsIServerSocket.initSpecialConnection]
2017-09-19 19:37:58.711 plugin-container[69188:4590234] *** CFMessagePort: bootstrap_register(): failed 1100 (0x44c) 'Permission denied', port = 0xa03f, name = 'com.apple.tsm.portname'
See /usr/include/servers/bootstrap_defs.h for the error codes.
2017-09-19 19:37:58.711 plugin-container[69188:4590234] *** CFMessagePort: bootstrap_register(): failed 1100 (0x44c) 'Permission denied', port = 0xa227, name = 'com.apple.CFPasteboardClient'
See /usr/include/servers/bootstrap_defs.h for the error codes.
2017-09-19 19:37:58.712 plugin-container[69188:4590234] void __CFPasteboardSetup() : Failed to allocate communication port for com.apple.CFPasteboardClient; this is likely due to sandbox restrictions
1505864278719	Marionette	WARN	TLS certificate errors will be ignored for this session
1505864278758	Marionette	DEBUG	loaded listener.js
1505864278780	Marionette	DEBUG	Received DOM event "beforeunload" for "about:blank"
1505864278835	Marionette	DEBUG	Received DOM event "pagehide" for "about:blank"
1505864278835	Marionette	DEBUG	Received DOM event "unload" for "about:blank"
1505864279051	Marionette	DEBUG	Received DOM event "DOMContentLoaded" for "http://0.0.0.0:8080/"
1505864279069	Marionette	DEBUG	Received DOM event "pageshow" for "http://0.0.0.0:8080/"
1505864281492	Marionette	DEBUG	Canceled page load listener because no navigation has been detected
1505864281811	Marionette	DEBUG	Canceled page load listener because no navigation has been detected
1505864286143	Marionette	DEBUG	Canceled page load listener because no navigation has been detected
1505864291536	Marionette	DEBUG	Canceled page load listener because no navigation has been detected
1505864294587	Marionette	INFO	New connections will no longer be accepted
[Child 69188] WARNING: pipe error: Broken pipe: file /builds/slave/m-rel-m64-00000000000000000000/build/src/ipc/chromium/src/chrome/common/ipc_channel_posix.cc, line 709
[Child 69188] WARNING: pipe error: Broken pipe: file /builds/slave/m-rel-m64-00000000000000000000/build/src/ipc/chromium/src/chrome/common/ipc_channel_posix.cc, line 709
[Child 69188] WARNING: pipe error: Broken pipe: file /builds/slave/m-rel-m64-00000000000000000000/build/src/ipc/chromium/src/chrome/common/ipc_channel_posix.cc, line 709
[Child 69188] WARNING: pipe error: Broken pipe: file /builds/slave/m-rel-m64-00000000000000000000/build/src/ipc/chromium/src/chrome/common/ipc_channel_posix.cc, line 709
[Child 69188] WARNING: pipe error: Broken pipe: file /builds/slave/m-rel-m64-00000000000000000000/build/src/ipc/chromium/src/chrome/common/ipc_channel_posix.cc, line 709
[Child 69188] WARNING: pipe error: Broken pipe: file /builds/slave/m-rel-m64-00000000000000000000/build/src/ipc/chromium/src/chrome/common/ipc_channel_posix.cc, line 709
[Child 69188] WARNING: pipe error: Broken pipe: file /builds/slave/m-rel-m64-00000000000000000000/build/src/ipc/chromium/src/chrome/common/ipc_channel_posix.cc, line 709
[Child 69188] WARNING: pipe error: Broken pipe: file /builds/slave/m-rel-m64-00000000000000000000/build/src/ipc/chromium/src/chrome/common/ipc_channel_posix.cc, line 709
1505864318347	geckodriver	INFO	geckodriver 0.19.0
1505864318355	geckodriver	INFO	Listening on 127.0.0.1:49973
1505864319454	mozrunner::runner	INFO	Running command: "/Applications/Firefox.app/Contents/MacOS/firefox-bin" "-marionette" "-profile" "/var/folders/kc/nq0cns897wq_xlcn69psvwnr0000gn/T/rust_mozprofile.wh2t4TnA2W5h"
1505864320079	addons.xpi	WARN	Error parsing extensions state: [Exception... "Component returned failure code: 0x80520012 (NS_ERROR_FILE_NOT_FOUND) [amIAddonManagerStartup.readStartupData]"  nsresult: "0x80520012 (NS_ERROR_FILE_NOT_FOUND)"  location: "JS frame :: resource://gre/modules/addons/XPIProvider.jsm :: loadExtensionState :: line 1596"  data: no] Stack trace: loadExtensionState()@resource://gre/modules/addons/XPIProvider.jsm:1596 < getInstallState()@resource://gre/modules/addons/XPIProvider.jsm:1631 < checkForChanges()@resource://gre/modules/addons/XPIProvider.jsm:3152 < startup()@resource://gre/modules/addons/XPIProvider.jsm:2246 < callProvider()@resource://gre/modules/AddonManager.jsm:271 < _startProvider()@resource://gre/modules/AddonManager.jsm:741 < startup()@resource://gre/modules/AddonManager.jsm:908 < startup()@resource://gre/modules/AddonManager.jsm:3122 < observe()@jar:file:///Applications/Firefox.app/Contents/Resources/omni.ja!/components/addonManager.js:65
1505864320507	Marionette	INFO	Enabled via --marionette
2017-09-19 19:38:42.315 plugin-container[69198:4591176] *** CFMessagePort: bootstrap_register(): failed 1100 (0x44c) 'Permission denied', port = 0xa03b, name = 'com.apple.tsm.portname'
See /usr/include/servers/bootstrap_defs.h for the error codes.
2017-09-19 19:38:42.317 plugin-container[69198:4591176] *** CFMessagePort: bootstrap_register(): failed 1100 (0x44c) 'Permission denied', port = 0xa70f, name = 'com.apple.CFPasteboardClient'
See /usr/include/servers/bootstrap_defs.h for the error codes.
2017-09-19 19:38:42.317 plugin-container[69198:4591176] void __CFPasteboardSetup() : Failed to allocate communication port for com.apple.CFPasteboardClient; this is likely due to sandbox restrictions
1505864322584	Marionette	INFO	Listening on port 49986
JavaScript error: chrome://marionette/content/server.js, line 337: NS_ERROR_SOCKET_ADDRESS_IN_USE: Component returned failure code: 0x804b0036 (NS_ERROR_SOCKET_ADDRESS_IN_USE) [nsIServerSocket.initSpecialConnection]
1505864322670	Marionette	WARN	TLS certificate errors will be ignored for this session
1505864322710	Marionette	DEBUG	loaded listener.js
1505864322732	Marionette	DEBUG	Received DOM event "beforeunload" for "about:blank"
1505864322773	Marionette	DEBUG	Received DOM event "pagehide" for "about:blank"
1505864322774	Marionette	DEBUG	Received DOM event "unload" for "about:blank"
1505864322997	Marionette	DEBUG	Received DOM event "DOMContentLoaded" for "http://0.0.0.0:8080/"
1505864323002	Marionette	DEBUG	Received DOM event "pageshow" for "http://0.0.0.0:8080/"
1505864325312	Marionette	DEBUG	Canceled page load listener because no navigation has been detected
1505864325638	Marionette	DEBUG	Canceled page load listener because no navigation has been detected
1505864329985	Marionette	DEBUG	Canceled page load listener because no navigation has been detected
1505864335376	Marionette	DEBUG	Canceled page load listener because no navigation has been detected
1505864338425	Marionette	INFO	New connections will no longer be accepted
1505864489556	geckodriver	INFO	geckodriver 0.19.0
1505864489562	geckodriver	INFO	Listening on 127.0.0.1:50812
1505864490682	mozrunner::runner	INFO	Running command: "/Applications/Firefox.app/Contents/MacOS/firefox-bin" "-marionette" "-profile" "/var/folders/kc/nq0cns897wq_xlcn69psvwnr0000gn/T/rust_mozprofile.7wPHeC7YowjI"
1505864491249	addons.xpi	WARN	Error parsing extensions state: [Exception... "Component returned failure code: 0x80520012 (NS_ERROR_FILE_NOT_FOUND) [amIAddonManagerStartup.readStartupData]"  nsresult: "0x80520012 (NS_ERROR_FILE_NOT_FOUND)"  location: "JS frame :: resource://gre/modules/addons/XPIProvider.jsm :: loadExtensionState :: line 1596"  data: no] Stack trace: loadExtensionState()@resource://gre/modules/addons/XPIProvider.jsm:1596 < getInstallState()@resource://gre/modules/addons/XPIProvider.jsm:1631 < checkForChanges()@resource://gre/modules/addons/XPIProvider.jsm:3152 < startup()@resource://gre/modules/addons/XPIProvider.jsm:2246 < callProvider()@resource://gre/modules/AddonManager.jsm:271 < _startProvider()@resource://gre/modules/AddonManager.jsm:741 < startup()@resource://gre/modules/AddonManager.jsm:908 < startup()@resource://gre/modules/AddonManager.jsm:3122 < observe()@jar:file:///Applications/Firefox.app/Contents/Resources/omni.ja!/components/addonManager.js:65
1505864491633	Marionette	INFO	Enabled via --marionette
2017-09-19 19:41:33.682 plugin-container[69241:4594039] *** CFMessagePort: bootstrap_register(): failed 1100 (0x44c) 'Permission denied', port = 0x9f3f, name = 'com.apple.tsm.portname'
See /usr/include/servers/bootstrap_defs.h for the error codes.
2017-09-19 19:41:33.683 plugin-container[69241:4594039] *** CFMessagePort: bootstrap_register(): failed 1100 (0x44c) 'Permission denied', port = 0x5307, name = 'com.apple.CFPasteboardClient'
See /usr/include/servers/bootstrap_defs.h for the error codes.
2017-09-19 19:41:33.683 plugin-container[69241:4594039] void __CFPasteboardSetup() : Failed to allocate communication port for com.apple.CFPasteboardClient; this is likely due to sandbox restrictions
1505864493933	Marionette	INFO	Listening on port 50825
JavaScript error: chrome://marionette/content/server.js, line 337: NS_ERROR_SOCKET_ADDRESS_IN_USE: Component returned failure code: 0x804b0036 (NS_ERROR_SOCKET_ADDRESS_IN_USE) [nsIServerSocket.initSpecialConnection]
1505864494007	Marionette	WARN	TLS certificate errors will be ignored for this session
1505864494049	Marionette	DEBUG	loaded listener.js
1505864494071	Marionette	DEBUG	Received DOM event "beforeunload" for "about:blank"
1505864494162	Marionette	DEBUG	Received DOM event "pagehide" for "about:blank"
1505864494162	Marionette	DEBUG	Received DOM event "unload" for "about:blank"
1505864494361	Marionette	DEBUG	Received DOM event "DOMContentLoaded" for "http://0.0.0.0:8080/"
1505864494373	Marionette	DEBUG	Received DOM event "pageshow" for "http://0.0.0.0:8080/"
1505864496667	Marionette	DEBUG	Canceled page load listener because no navigation has been detected
1505864496982	Marionette	DEBUG	Canceled page load listener because no navigation has been detected
1505864501304	Marionette	DEBUG	Canceled page load listener because no navigation has been detected
1505864506690	Marionette	DEBUG	Canceled page load listener because no navigation has been detected
1505864509782	Marionette	INFO	New connections will no longer be accepted
1505864577913	geckodriver	INFO	geckodriver 0.19.0
1505864577917	geckodriver	INFO	Listening on 127.0.0.1:51309
1505864579027	mozrunner::runner	INFO	Running command: "/Applications/Firefox.app/Contents/MacOS/firefox-bin" "-marionette" "-profile" "/var/folders/kc/nq0cns897wq_xlcn69psvwnr0000gn/T/rust_mozprofile.Q0ohg2NmIKFH"
1505864579556	addons.xpi	WARN	Error parsing extensions state: [Exception... "Component returned failure code: 0x80520012 (NS_ERROR_FILE_NOT_FOUND) [amIAddonManagerStartup.readStartupData]"  nsresult: "0x80520012 (NS_ERROR_FILE_NOT_FOUND)"  location: "JS frame :: resource://gre/modules/addons/XPIProvider.jsm :: loadExtensionState :: line 1596"  data: no] Stack trace: loadExtensionState()@resource://gre/modules/addons/XPIProvider.jsm:1596 < getInstallState()@resource://gre/modules/addons/XPIProvider.jsm:1631 < checkForChanges()@resource://gre/modules/addons/XPIProvider.jsm:3152 < startup()@resource://gre/modules/addons/XPIProvider.jsm:2246 < callProvider()@resource://gre/modules/AddonManager.jsm:271 < _startProvider()@resource://gre/modules/AddonManager.jsm:741 < startup()@resource://gre/modules/AddonManager.jsm:908 < startup()@resource://gre/modules/AddonManager.jsm:3122 < observe()@jar:file:///Applications/Firefox.app/Contents/Resources/omni.ja!/components/addonManager.js:65
1505864579964	Marionette	INFO	Enabled via --marionette
2017-09-19 19:43:01.762 plugin-container[69255:4595547] *** CFMessagePort: bootstrap_register(): failed 1100 (0x44c) 'Permission denied', port = 0x9e3f, name = 'com.apple.tsm.portname'
See /usr/include/servers/bootstrap_defs.h for the error codes.
2017-09-19 19:43:01.763 plugin-container[69255:4595547] *** CFMessagePort: bootstrap_register(): failed 1100 (0x44c) 'Permission denied', port = 0x5113, name = 'com.apple.CFPasteboardClient'
See /usr/include/servers/bootstrap_defs.h for the error codes.
2017-09-19 19:43:01.763 plugin-container[69255:4595547] void __CFPasteboardSetup() : Failed to allocate communication port for com.apple.CFPasteboardClient; this is likely due to sandbox restrictions
1505864582109	Marionette	INFO	Listening on port 51322
JavaScript error: chrome://marionette/content/server.js, line 337: NS_ERROR_SOCKET_ADDRESS_IN_USE: Component returned failure code: 0x804b0036 (NS_ERROR_SOCKET_ADDRESS_IN_USE) [nsIServerSocket.initSpecialConnection]
1505864582213	Marionette	WARN	TLS certificate errors will be ignored for this session
1505864582255	Marionette	DEBUG	loaded listener.js
1505864582277	Marionette	DEBUG	Received DOM event "beforeunload" for "about:blank"
1505864582326	Marionette	DEBUG	Received DOM event "pagehide" for "about:blank"
1505864582329	Marionette	DEBUG	Received DOM event "unload" for "about:blank"
1505864582604	Marionette	DEBUG	Received DOM event "DOMContentLoaded" for "http://0.0.0.0:8080/"
1505864582614	Marionette	DEBUG	Received DOM event "pageshow" for "http://0.0.0.0:8080/"
1505864584931	Marionette	DEBUG	Canceled page load listener because no navigation has been detected
1505864585255	Marionette	DEBUG	Canceled page load listener because no navigation has been detected
1505864589589	Marionette	DEBUG	Canceled page load listener because no navigation has been detected
1505864594993	Marionette	DEBUG	Canceled page load listener because no navigation has been detected
1505864598041	Marionette	INFO	New connections will no longer be accepted
